<?xml version="1.0" encoding="UTF-8"?>
<!-- Generated by org.testng.reporters.JUnitReportReporter -->
<testsuite hostname="LAPTOP-MSDA3FTK" failures="0" tests="2" name="simpleproject.Test_1" time="0.012" errors="0" timestamp="2022-10-07T16:17:19 IST" skipped="0">
  <testcase classname="simpleproject.Test_1" name="verifyLoginWithInvalidCredentials" time="0.011"/>
  <system-out/>
  <testcase classname="simpleproject.Test_1" name="verifyLoginWithNoCredentials" time="0.001"/>
  <system-out/>
</testsuite> <!-- simpleproject.Test_1 -->
